#
# There is insufficient memory for the Java Runtime Environment to continue.
# Native memory allocation (malloc) failed to allocate 1048576 bytes for AllocateHeap
# Possible reasons:
#   The system is out of physical RAM or swap space
#   The process is running with CompressedOops enabled, and the Java Heap may be blocking the growth of the native heap
# Possible solutions:
#   Reduce memory load on the system
#   Increase physical memory or swap space
#   Check if swap backing store is full
#   Decrease Java heap size (-Xmx/-Xms)
#   Decrease number of Java threads
#   Decrease Java thread stack sizes (-Xss)
#   Set larger code cache with -XX:ReservedCodeCacheSize=
#   JVM is running with Unscaled Compressed Oops mode in which the Java heap is
#     placed in the first 4GB address space. The Java Heap base address is the
#     maximum limit for the native heap growth. Please use -XX:HeapBaseMinAddress
#     to set the Java Heap base and to place the Java Heap above 4GB virtual address.
# This output file may be truncated or incomplete.
#
#  Out of Memory Error (memory/allocation.inline.hpp:61), pid=21748, tid=0x0000000000003fd4
#
# JRE version:  (8.0_221-b11) (build )
# Java VM: Java HotSpot(TM) 64-Bit Server VM (25.221-b11 mixed mode windows-amd64 compressed oops)
# Failed to write core dump. Minidumps are not enabled by default on client versions of Windows
#

---------------  T H R E A D  ---------------

Current thread (0x00000000033ce000):  JavaThread "Unknown thread" [_thread_in_vm, id=16340, stack(0x00000000033d0000,0x00000000034d0000)]

Stack: [0x00000000033d0000,0x00000000034d0000]
[error occurred during error reporting (printing stack bounds), id 0xc0000005]

Native frames: (J=compiled Java code, j=interpreted, Vv=VM code, C=native code)


---------------  P R O C E S S  ---------------

Java Threads: ( => current thread )

Other Threads:

=>0x00000000033ce000 (exited) JavaThread "Unknown thread" [_thread_in_vm, id=16340, stack(0x00000000033d0000,0x00000000034d0000)]

VM state:not at safepoint (normal execution)

VM Mutex/Monitor currently owned by a thread: None

heap address: 0x0000000082600000, size: 2010 MB, Compressed Oops mode: 32-bit
Narrow klass base: 0x0000000000000000, Narrow klass shift: 3
Compressed class space size: 1073741824 Address: 0x0000000100000000

Heap:
 PSYoungGen      total 37888K, used 655K [0x00000000d6200000, 0x00000000d8c00000, 0x0000000100000000)
  eden space 32768K, 2% used [0x00000000d6200000,0x00000000d62a3d80,0x00000000d8200000)
  from space 5120K, 0% used [0x00000000d8700000,0x00000000d8700000,0x00000000d8c00000)
  to   space 5120K, 0% used [0x00000000d8200000,0x00000000d8200000,0x00000000d8700000)
 ParOldGen       total 86016K, used 0K [0x0000000082600000, 0x0000000087a00000, 0x00000000d6200000)
  object space 86016K, 0% used [0x0000000082600000,0x0000000082600000,0x0000000087a00000)
 Metaspace       used 752K, capacity 4480K, committed 4480K, reserved 1056768K
  class space    used 76K, capacity 384K, committed 384K, reserved 1048576K

Card table byte_map: [0x0000000012990000,0x0000000012d80000] byte_map_base: 0x000000001257d000

Marking Bits: (ParMarkBitMap*) 0x00000000623f5ce0
 Begin Bits: [0x0000000013820000, 0x0000000015788000)
 End Bits:   [0x0000000015788000, 0x00000000176f0000)

Polling page: 0x00000000018c0000

CodeCache: size=245760Kb used=328Kb max_used=328Kb free=245431Kb
 bounds [0x00000000035d0000, 0x0000000003840000, 0x00000000125d0000]
 total_blobs=58 nmethods=0 adapters=38
 compilation: enabled

Compilation events (0 events):
No events

GC Heap History (0 events):
No events

Deoptimization events (0 events):
No events

Classes redefined (0 events):
No events

Internal exceptions (0 events):
No events

Events (10 events):
Event: 2.938 loading class java/lang/Short
Event: 2.938 loading class java/lang/Short done
Event: 2.938 loading class java/lang/Integer
Event: 2.939 loading class java/lang/Integer done
Event: 2.939 loading class java/lang/Long
Event: 2.939 loading class java/lang/Long done
Event: 2.940 loading class java/lang/NullPointerException
Event: 2.940 loading class java/lang/NullPointerException done
Event: 2.940 loading class java/lang/ArithmeticException
Event: 2.941 loading class java/lang/ArithmeticException done


Dynamic libraries:
0x00007ff7bd590000 - 0x00007ff7bd5c7000 	C:\Program Files (x86)\Common Files\Oracle\Java\javapath\java.exe
0x00007ffde1810000 - 0x00007ffde19f1000 	C:\WINDOWS\SYSTEM32\ntdll.dll
0x00007ffddf5c0000 - 0x00007ffddf671000 	C:\WINDOWS\System32\KERNEL32.DLL
0x00007ffdde780000 - 0x00007ffdde9f3000 	C:\WINDOWS\System32\KERNELBASE.dll
0x00007ffddfbc0000 - 0x00007ffddfc61000 	C:\WINDOWS\System32\ADVAPI32.dll
0x00007ffdded30000 - 0x00007ffddedce000 	C:\WINDOWS\System32\msvcrt.dll
0x00007ffde1780000 - 0x00007ffde17db000 	C:\WINDOWS\System32\sechost.dll
0x00007ffddf040000 - 0x00007ffddf164000 	C:\WINDOWS\System32\RPCRT4.dll
0x00007ffde15f0000 - 0x00007ffde1780000 	C:\WINDOWS\System32\USER32.dll
0x00007ffdde710000 - 0x00007ffdde730000 	C:\WINDOWS\System32\win32u.dll
0x00007ffddf010000 - 0x00007ffddf038000 	C:\WINDOWS\System32\GDI32.dll
0x00007ffdde570000 - 0x00007ffdde701000 	C:\WINDOWS\System32\gdi32full.dll
0x00007ffddebf0000 - 0x00007ffddec8f000 	C:\WINDOWS\System32\msvcp_win.dll
0x00007ffdde2e0000 - 0x00007ffdde3d8000 	C:\WINDOWS\System32\ucrtbase.dll
0x00007ffdbff10000 - 0x00007ffdc0179000 	C:\WINDOWS\WinSxS\amd64_microsoft.windows.common-controls_6595b64144ccf1df_6.0.17134.1006_none_d3fbb8f77c940c3f\COMCTL32.dll
0x00007ffddf680000 - 0x00007ffddf9a1000 	C:\WINDOWS\System32\combase.dll
0x00007ffdde4f0000 - 0x00007ffdde569000 	C:\WINDOWS\System32\bcryptPrimitives.dll
0x00007ffde1550000 - 0x00007ffde157d000 	C:\WINDOWS\System32\IMM32.DLL
0x0000000062570000 - 0x0000000062642000 	C:\Program Files\Java\jre1.8.0_221\bin\msvcr100.dll
0x0000000061bd0000 - 0x0000000062475000 	C:\Program Files\Java\jre1.8.0_221\bin\server\jvm.dll
0x00007ffde1580000 - 0x00007ffde1588000 	C:\WINDOWS\System32\PSAPI.DLL
0x00007ffdd3440000 - 0x00007ffdd3449000 	C:\WINDOWS\SYSTEM32\WSOCK32.dll
0x00007ffddfb50000 - 0x00007ffddfbbc000 	C:\WINDOWS\System32\WS2_32.dll
0x00007ffdcc700000 - 0x00007ffdcc70a000 	C:\WINDOWS\SYSTEM32\VERSION.dll
0x00007ffddb680000 - 0x00007ffddb6a3000 	C:\WINDOWS\SYSTEM32\WINMM.dll
0x00007ffdda940000 - 0x00007ffdda96a000 	C:\WINDOWS\SYSTEM32\WINMMBASE.dll
0x00007ffdde730000 - 0x00007ffdde779000 	C:\WINDOWS\System32\cfgmgr32.dll
0x00007ffdd3250000 - 0x00007ffdd325f000 	C:\Program Files\Java\jre1.8.0_221\bin\verify.dll
0x00007ffdc3f70000 - 0x00007ffdc3f99000 	C:\Program Files\Java\jre1.8.0_221\bin\java.dll
0x00007ffdc5d90000 - 0x00007ffdc5da6000 	C:\Program Files\Java\jre1.8.0_221\bin\zip.dll

VM Arguments:
java_command: C:\Users\bmccs\OneDrive\Desktop\app\rsc\tika-app-1.22.jar -t 01_LINGO_months_creditcard_payments.txt > tmp.txt
java_class_path (initial): C:\Users\bmccs\OneDrive\Desktop\app\rsc\tika-app-1.22.jar
Launcher Type: SUN_STANDARD

Environment Variables:
JAVA_HOME=C:\Program Files\Java\jdk-12.0.2
PATH=C:\Program Files (x86)\Common Files\Oracle\Java\javapath;C:\Program Files (x86)\Intel\Intel(R) Management Engine Components\iCLS\;C:\Program Files\Intel\Intel(R) Management Engine Components\iCLS\;C:\Windows\system32;C:\Windows;C:\Windows\System32\Wbem;C:\Windows\System32\WindowsPowerShell\v1.0\;C:\Windows\System32\OpenSSH\;C:\Program Files (x86)\Intel\Intel(R) Management Engine Components\DAL;C:\Program Files\Intel\Intel(R) Management Engine Components\DAL;C:\Program Files (x86)\Intel\Intel(R) Management Engine Components\IPT;C:\Program Files\Intel\Intel(R) Management Engine Components\IPT;C:\Program Files (x86)\NVIDIA Corporation\PhysX\Common;C:\WINDOWS\system32;C:\WINDOWS;C:\WINDOWS\System32\Wbem;C:\WINDOWS\System32\WindowsPowerShell\v1.0\;C:\WINDOWS\System32\OpenSSH\;C:\Program Files\Git\cmd;C:\Users\bmccs\AppData\Local\Continuum\anaconda3;C:\Users\bmccs\AppData\Local\Continuum\anaconda3\Library\mingw-w64\bin;C:\Users\bmccs\AppData\Local\Continuum\anaconda3\Library\usr\bin;C:\Users\bmccs\AppData\Local\Continuum\anaconda3\Library\bin;C:\Users\bmccs\AppData\Local\Continuum\anaconda3\Scripts;C:\Users\bmccs\AppData\Local\Microsoft\WindowsApps;C:\Users\bmccs\Downloads\winglpk-4.65\glpk-4.65\w64;C:\Program Files (x86)\mingw-w64\i686-8.1.0-posix-dwarf-rt_v6-rev0\mingw32\bin;
USERNAME=bmccs
OS=Windows_NT
PROCESSOR_IDENTIFIER=Intel64 Family 6 Model 158 Stepping 10, GenuineIntel



---------------  S Y S T E M  ---------------

OS: Windows 10.0 , 64 bit Build 17134 (10.0.17134.753)

CPU:total 8 (initial active 8) (4 cores per cpu, 2 threads per core) family 6 model 158 stepping 10, cmov, cx8, fxsr, mmx, sse, sse2, sse3, ssse3, sse4.1, sse4.2, popcnt, avx, avx2, aes, clmul, erms, 3dnowpref, lzcnt, ht, tsc, tscinvbit, bmi1, bmi2, adx

Memory: 4k page, physical 8227124k(833580k free), swap 33392948k(516068k free)

vm_info: Java HotSpot(TM) 64-Bit Server VM (25.221-b11) for windows-amd64 JRE (1.8.0_221-b11), built on Jul  4 2019 04:39:29 by "java_re" with MS VC++ 10.0 (VS2010)

time: Thu Sep 26 19:19:56 2019
timezone: Central Daylight Time
elapsed time: 3 seconds (0d 0h 0m 3s)

